[ 2017-04-22T12:27:18+08:00 ] 127.0.0.1 /ibirty/index.php
INFO: [ app_begin ] --START--
INFO: ReadHtmlCache Behavior ::run [ RunTime:0.080634s ]
INFO: [ app_begin ] --END-- [ RunTime:0.080753s ]
INFO: [ view_parse ] --START--
INFO: ParseTemplate Behavior ::run [ RunTime:0.064795s ]
INFO: [ view_parse ] --END-- [ RunTime:0.064876s ]
INFO: [ view_filter ] --START--
INFO: ContentReplace Behavior ::run [ RunTime:0.011222s ]
INFO: TokenBuild Behavior ::run [ RunTime:0.000659s ]
INFO: WriteHtmlCache Behavior ::run [ RunTime:0.000478s ]
INFO: ShowRuntime Behavior ::run [ RunTime:0.000642s ]
INFO: [ view_filter ] --END-- [ RunTime:0.013147s ]
INFO: [ view_end ] --START--
INFO: ShowPageTrace Behavior ::run [ RunTime:0.000794s ]
INFO: [ view_end ] --END-- [ RunTime:0.000846s ]

[ 2017-04-22T12:27:36+08:00 ] 127.0.0.1 /ibirty/index.php?s=/Index/Case/index.html
INFO: [ route_check ] --START--
INFO: CheckRoute Behavior ::run [ RunTime:0.059196s ]
INFO: [ route_check ] --END-- [ RunTime:0.059287s ]
INFO: [ app_begin ] --START--
INFO: ReadHtmlCache Behavior ::run [ RunTime:0.000520s ]
INFO: [ app_begin ] --END-- [ RunTime:0.000573s ]
INFO: [ view_parse ] --START--
INFO: ParseTemplate Behavior ::run [ RunTime:0.081000s ]
INFO: [ view_parse ] --END-- [ RunTime:0.081100s ]
INFO: [ view_filter ] --START--
INFO: ContentReplace Behavior ::run [ RunTime:0.000496s ]
INFO: TokenBuild Behavior ::run [ RunTime:0.000395s ]
INFO: WriteHtmlCache Behavior ::run [ RunTime:0.000318s ]
INFO: ShowRuntime Behavior ::run [ RunTime:0.000436s ]
INFO: [ view_filter ] --END-- [ RunTime:0.001773s ]
INFO: [ view_end ] --START--
INFO: ShowPageTrace Behavior ::run [ RunTime:0.000545s ]
INFO: [ view_end ] --END-- [ RunTime:0.000590s ]

[ 2017-04-22T12:28:16+08:00 ] 127.0.0.1 /ibirty/index.php?s=/Index/Table/index.html
INFO: [ route_check ] --START--
INFO: CheckRoute Behavior ::run [ RunTime:0.000858s ]
INFO: [ route_check ] --END-- [ RunTime:0.000934s ]
INFO: [ app_begin ] --START--
INFO: ReadHtmlCache Behavior ::run [ RunTime:0.000544s ]
INFO: [ app_begin ] --END-- [ RunTime:0.000612s ]
INFO: [ view_parse ] --START--
INFO: ParseTemplate Behavior ::run [ RunTime:0.011506s ]
INFO: [ view_parse ] --END-- [ RunTime:0.011582s ]
INFO: [ view_filter ] --START--
INFO: ContentReplace Behavior ::run [ RunTime:0.000403s ]
INFO: TokenBuild Behavior ::run [ RunTime:0.000378s ]
INFO: WriteHtmlCache Behavior ::run [ RunTime:0.000289s ]
INFO: ShowRuntime Behavior ::run [ RunTime:0.000428s ]
INFO: [ view_filter ] --END-- [ RunTime:0.001620s ]
INFO: [ view_end ] --START--
INFO: ShowPageTrace Behavior ::run [ RunTime:0.000554s ]
INFO: [ view_end ] --END-- [ RunTime:0.000599s ]

[ 2017-04-22T12:28:24+08:00 ] 127.0.0.1 /ibirty/index.php?s=/Index/Table/index.html
INFO: [ route_check ] --START--
INFO: CheckRoute Behavior ::run [ RunTime:0.000834s ]
INFO: [ route_check ] --END-- [ RunTime:0.000915s ]
INFO: [ app_begin ] --START--
INFO: ReadHtmlCache Behavior ::run [ RunTime:0.000481s ]
INFO: [ app_begin ] --END-- [ RunTime:0.000530s ]
INFO: [ view_parse ] --START--
INFO: ParseTemplate Behavior ::run [ RunTime:0.011740s ]
INFO: [ view_parse ] --END-- [ RunTime:0.011813s ]
INFO: [ view_filter ] --START--
INFO: ContentReplace Behavior ::run [ RunTime:0.000423s ]
INFO: TokenBuild Behavior ::run [ RunTime:0.000381s ]
INFO: WriteHtmlCache Behavior ::run [ RunTime:0.000295s ]
INFO: ShowRuntime Behavior ::run [ RunTime:0.000415s ]
INFO: [ view_filter ] --END-- [ RunTime:0.001636s ]
INFO: [ view_end ] --START--
INFO: ShowPageTrace Behavior ::run [ RunTime:0.000526s ]
INFO: [ view_end ] --END-- [ RunTime:0.000566s ]

[ 2017-04-22T12:29:45+08:00 ] 127.0.0.1 /ibirty/index.php?s=/Index/Table/index.html
INFO: [ route_check ] --START--
INFO: CheckRoute Behavior ::run [ RunTime:0.000656s ]
INFO: [ route_check ] --END-- [ RunTime:0.000742s ]
INFO: [ app_begin ] --START--
INFO: ReadHtmlCache Behavior ::run [ RunTime:0.000411s ]
INFO: [ app_begin ] --END-- [ RunTime:0.000461s ]
INFO: [ view_parse ] --START--
INFO: ParseTemplate Behavior ::run [ RunTime:0.025674s ]
INFO: [ view_parse ] --END-- [ RunTime:0.025772s ]
INFO: [ view_filter ] --START--
INFO: ContentReplace Behavior ::run [ RunTime:0.000404s ]
INFO: TokenBuild Behavior ::run [ RunTime:0.000413s ]
INFO: WriteHtmlCache Behavior ::run [ RunTime:0.000341s ]
INFO: ShowRuntime Behavior ::run [ RunTime:0.000506s ]
INFO: [ view_filter ] --END-- [ RunTime:0.001852s ]
INFO: [ view_end ] --START--
INFO: ShowPageTrace Behavior ::run [ RunTime:0.000489s ]
INFO: [ view_end ] --END-- [ RunTime:0.000536s ]

[ 2017-04-22T12:29:47+08:00 ] 127.0.0.1 /ibirty/index.php?s=/Index/Table/index.html
INFO: [ route_check ] --START--
INFO: CheckRoute Behavior ::run [ RunTime:0.000599s ]
INFO: [ route_check ] --END-- [ RunTime:0.000675s ]
INFO: [ app_begin ] --START--
INFO: ReadHtmlCache Behavior ::run [ RunTime:0.000452s ]
INFO: [ app_begin ] --END-- [ RunTime:0.000509s ]
INFO: [ view_parse ] --START--
INFO: ParseTemplate Behavior ::run [ RunTime:0.006291s ]
INFO: [ view_parse ] --END-- [ RunTime:0.006370s ]
INFO: [ view_filter ] --START--
INFO: ContentReplace Behavior ::run [ RunTime:0.000304s ]
INFO: TokenBuild Behavior ::run [ RunTime:0.000294s ]
INFO: WriteHtmlCache Behavior ::run [ RunTime:0.000205s ]
INFO: ShowRuntime Behavior ::run [ RunTime:0.000336s ]
INFO: [ view_filter ] --END-- [ RunTime:0.001261s ]
INFO: [ view_end ] --START--
INFO: ShowPageTrace Behavior ::run [ RunTime:0.000477s ]
INFO: [ view_end ] --END-- [ RunTime:0.000520s ]

[ 2017-04-22T12:29:47+08:00 ] 127.0.0.1 /ibirty/index.php?s=/Index/Table/index.html
INFO: [ route_check ] --START--
INFO: CheckRoute Behavior ::run [ RunTime:0.000763s ]
INFO: [ route_check ] --END-- [ RunTime:0.000880s ]
INFO: [ app_begin ] --START--
INFO: ReadHtmlCache Behavior ::run [ RunTime:0.000447s ]
INFO: [ app_begin ] --END-- [ RunTime:0.000501s ]
INFO: [ view_parse ] --START--
INFO: ParseTemplate Behavior ::run [ RunTime:0.007727s ]
INFO: [ view_parse ] --END-- [ RunTime:0.007808s ]
INFO: [ view_filter ] --START--
INFO: ContentReplace Behavior ::run [ RunTime:0.000331s ]
INFO: TokenBuild Behavior ::run [ RunTime:0.000312s ]
INFO: WriteHtmlCache Behavior ::run [ RunTime:0.000214s ]
INFO: ShowRuntime Behavior ::run [ RunTime:0.000339s ]
INFO: [ view_filter ] --END-- [ RunTime:0.001315s ]
INFO: [ view_end ] --START--
INFO: ShowPageTrace Behavior ::run [ RunTime:0.000444s ]
INFO: [ view_end ] --END-- [ RunTime:0.000498s ]

[ 2017-04-22T12:29:47+08:00 ] 127.0.0.1 /ibirty/index.php?s=/Index/Table/index.html
INFO: [ route_check ] --START--
INFO: CheckRoute Behavior ::run [ RunTime:0.000589s ]
INFO: [ route_check ] --END-- [ RunTime:0.000661s ]
INFO: [ app_begin ] --START--
INFO: ReadHtmlCache Behavior ::run [ RunTime:0.000411s ]
INFO: [ app_begin ] --END-- [ RunTime:0.000460s ]
INFO: [ view_parse ] --START--
INFO: ParseTemplate Behavior ::run [ RunTime:0.006510s ]
INFO: [ view_parse ] --END-- [ RunTime:0.006580s ]
INFO: [ view_filter ] --START--
INFO: ContentReplace Behavior ::run [ RunTime:0.000303s ]
INFO: TokenBuild Behavior ::run [ RunTime:0.000285s ]
INFO: WriteHtmlCache Behavior ::run [ RunTime:0.000204s ]
INFO: ShowRuntime Behavior ::run [ RunTime:0.000333s ]
INFO: [ view_filter ] --END-- [ RunTime:0.001240s ]
INFO: [ view_end ] --START--
INFO: ShowPageTrace Behavior ::run [ RunTime:0.000434s ]
INFO: [ view_end ] --END-- [ RunTime:0.000480s ]

[ 2017-04-22T12:29:48+08:00 ] 127.0.0.1 /ibirty/index.php?s=/Index/Table/index.html
INFO: [ route_check ] --START--
INFO: CheckRoute Behavior ::run [ RunTime:0.000594s ]
INFO: [ route_check ] --END-- [ RunTime:0.000668s ]
INFO: [ app_begin ] --START--
INFO: ReadHtmlCache Behavior ::run [ RunTime:0.000393s ]
INFO: [ app_begin ] --END-- [ RunTime:0.000439s ]
INFO: [ view_parse ] --START--
INFO: ParseTemplate Behavior ::run [ RunTime:0.007149s ]
INFO: [ view_parse ] --END-- [ RunTime:0.007252s ]
INFO: [ view_filter ] --START--
INFO: ContentReplace Behavior ::run [ RunTime:0.000527s ]
INFO: TokenBuild Behavior ::run [ RunTime:0.000496s ]
INFO: WriteHtmlCache Behavior ::run [ RunTime:0.000331s ]
INFO: ShowRuntime Behavior ::run [ RunTime:0.000456s ]
INFO: [ view_filter ] --END-- [ RunTime:0.002008s ]
INFO: [ view_end ] --START--
INFO: ShowPageTrace Behavior ::run [ RunTime:0.000466s ]
INFO: [ view_end ] --END-- [ RunTime:0.000510s ]

[ 2017-04-22T12:29:48+08:00 ] 127.0.0.1 /ibirty/index.php?s=/Index/Table/index.html
INFO: [ route_check ] --START--
INFO: CheckRoute Behavior ::run [ RunTime:0.000602s ]
INFO: [ route_check ] --END-- [ RunTime:0.000675s ]
INFO: [ app_begin ] --START--
INFO: ReadHtmlCache Behavior ::run [ RunTime:0.000467s ]
INFO: [ app_begin ] --END-- [ RunTime:0.000517s ]
INFO: [ view_parse ] --START--
INFO: ParseTemplate Behavior ::run [ RunTime:0.006401s ]
INFO: [ view_parse ] --END-- [ RunTime:0.006476s ]
INFO: [ view_filter ] --START--
INFO: ContentReplace Behavior ::run [ RunTime:0.000319s ]
INFO: TokenBuild Behavior ::run [ RunTime:0.000290s ]
INFO: WriteHtmlCache Behavior ::run [ RunTime:0.000208s ]
INFO: ShowRuntime Behavior ::run [ RunTime:0.000335s ]
INFO: [ view_filter ] --END-- [ RunTime:0.001267s ]
INFO: [ view_end ] --START--
INFO: ShowPageTrace Behavior ::run [ RunTime:0.000444s ]
INFO: [ view_end ] --END-- [ RunTime:0.000486s ]

[ 2017-04-22T12:29:48+08:00 ] 127.0.0.1 /ibirty/index.php?s=/Index/Table/index.html
INFO: [ route_check ] --START--
INFO: CheckRoute Behavior ::run [ RunTime:0.000750s ]
INFO: [ route_check ] --END-- [ RunTime:0.000887s ]
INFO: [ app_begin ] --START--
INFO: ReadHtmlCache Behavior ::run [ RunTime:0.000518s ]
INFO: [ app_begin ] --END-- [ RunTime:0.000587s ]
INFO: [ view_parse ] --START--
INFO: ParseTemplate Behavior ::run [ RunTime:0.005981s ]
INFO: [ view_parse ] --END-- [ RunTime:0.006056s ]
INFO: [ view_filter ] --START--
INFO: ContentReplace Behavior ::run [ RunTime:0.000294s ]
INFO: TokenBuild Behavior ::run [ RunTime:0.000356s ]
INFO: WriteHtmlCache Behavior ::run [ RunTime:0.000234s ]
INFO: ShowRuntime Behavior ::run [ RunTime:0.000370s ]
INFO: [ view_filter ] --END-- [ RunTime:0.001409s ]
INFO: [ view_end ] --START--
INFO: ShowPageTrace Behavior ::run [ RunTime:0.000475s ]
INFO: [ view_end ] --END-- [ RunTime:0.000519s ]

[ 2017-04-22T12:29:48+08:00 ] 127.0.0.1 /ibirty/index.php?s=/Index/Table/index.html
INFO: [ route_check ] --START--
INFO: CheckRoute Behavior ::run [ RunTime:0.000696s ]
INFO: [ route_check ] --END-- [ RunTime:0.000791s ]
INFO: [ app_begin ] --START--
INFO: ReadHtmlCache Behavior ::run [ RunTime:0.000415s ]
INFO: [ app_begin ] --END-- [ RunTime:0.000461s ]
INFO: [ view_parse ] --START--
INFO: ParseTemplate Behavior ::run [ RunTime:0.006749s ]
INFO: [ view_parse ] --END-- [ RunTime:0.006873s ]
INFO: [ view_filter ] --START--
INFO: ContentReplace Behavior ::run [ RunTime:0.000410s ]
INFO: TokenBuild Behavior ::run [ RunTime:0.000297s ]
INFO: WriteHtmlCache Behavior ::run [ RunTime:0.000204s ]
INFO: ShowRuntime Behavior ::run [ RunTime:0.000333s ]
INFO: [ view_filter ] --END-- [ RunTime:0.001363s ]
INFO: [ view_end ] --START--
INFO: ShowPageTrace Behavior ::run [ RunTime:0.000438s ]
INFO: [ view_end ] --END-- [ RunTime:0.000483s ]

[ 2017-04-22T12:29:59+08:00 ] 127.0.0.1 /ibirty/index.php?s=/Index/Table/index.html
INFO: [ route_check ] --START--
INFO: CheckRoute Behavior ::run [ RunTime:0.000808s ]
INFO: [ route_check ] --END-- [ RunTime:0.000885s ]
INFO: [ app_begin ] --START--
INFO: ReadHtmlCache Behavior ::run [ RunTime:0.000477s ]
INFO: [ app_begin ] --END-- [ RunTime:0.000524s ]
INFO: [ view_parse ] --START--
INFO: ParseTemplate Behavior ::run [ RunTime:0.006616s ]
INFO: [ view_parse ] --END-- [ RunTime:0.006725s ]
INFO: [ view_filter ] --START--
INFO: ContentReplace Behavior ::run [ RunTime:0.000778s ]
INFO: TokenBuild Behavior ::run [ RunTime:0.000765s ]
INFO: WriteHtmlCache Behavior ::run [ RunTime:0.000329s ]
INFO: ShowRuntime Behavior ::run [ RunTime:0.000435s ]
INFO: [ view_filter ] --END-- [ RunTime:0.002504s ]
INFO: [ view_end ] --START--
INFO: ShowPageTrace Behavior ::run [ RunTime:0.000551s ]
INFO: [ view_end ] --END-- [ RunTime:0.000594s ]

[ 2017-04-22T12:29:59+08:00 ] 127.0.0.1 /ibirty/index.php?s=/Index/Table/index.html
INFO: [ route_check ] --START--
INFO: CheckRoute Behavior ::run [ RunTime:0.001323s ]
INFO: [ route_check ] --END-- [ RunTime:0.001542s ]
INFO: [ app_begin ] --START--
INFO: ReadHtmlCache Behavior ::run [ RunTime:0.000746s ]
INFO: [ app_begin ] --END-- [ RunTime:0.000858s ]
INFO: [ view_parse ] --START--
INFO: ParseTemplate Behavior ::run [ RunTime:0.007558s ]
INFO: [ view_parse ] --END-- [ RunTime:0.007676s ]
INFO: [ view_filter ] --START--
INFO: ContentReplace Behavior ::run [ RunTime:0.000327s ]
INFO: TokenBuild Behavior ::run [ RunTime:0.000305s ]
INFO: WriteHtmlCache Behavior ::run [ RunTime:0.000220s ]
INFO: ShowRuntime Behavior ::run [ RunTime:0.000364s ]
INFO: [ view_filter ] --END-- [ RunTime:0.001347s ]
INFO: [ view_end ] --START--
INFO: ShowPageTrace Behavior ::run [ RunTime:0.000444s ]
INFO: [ view_end ] --END-- [ RunTime:0.000486s ]

[ 2017-04-22T12:29:59+08:00 ] 127.0.0.1 /ibirty/index.php?s=/Index/Table/index.html
INFO: [ route_check ] --START--
INFO: CheckRoute Behavior ::run [ RunTime:0.000576s ]
INFO: [ route_check ] --END-- [ RunTime:0.000640s ]
INFO: [ app_begin ] --START--
INFO: ReadHtmlCache Behavior ::run [ RunTime:0.000384s ]
INFO: [ app_begin ] --END-- [ RunTime:0.000428s ]
INFO: [ view_parse ] --START--
INFO: ParseTemplate Behavior ::run [ RunTime:0.006931s ]
INFO: [ view_parse ] --END-- [ RunTime:0.007025s ]
INFO: [ view_filter ] --START--
INFO: ContentReplace Behavior ::run [ RunTime:0.000379s ]
INFO: TokenBuild Behavior ::run [ RunTime:0.000338s ]
INFO: WriteHtmlCache Behavior ::run [ RunTime:0.000219s ]
INFO: ShowRuntime Behavior ::run [ RunTime:0.000382s ]
INFO: [ view_filter ] --END-- [ RunTime:0.001455s ]
INFO: [ view_end ] --START--
INFO: ShowPageTrace Behavior ::run [ RunTime:0.000721s ]
INFO: [ view_end ] --END-- [ RunTime:0.000793s ]

[ 2017-04-22T12:30:01+08:00 ] 127.0.0.1 /ibirty/index.php?s=/Index/Table/index.html
INFO: [ route_check ] --START--
INFO: CheckRoute Behavior ::run [ RunTime:0.000593s ]
INFO: [ route_check ] --END-- [ RunTime:0.000671s ]
INFO: [ app_begin ] --START--
INFO: ReadHtmlCache Behavior ::run [ RunTime:0.000407s ]
INFO: [ app_begin ] --END-- [ RunTime:0.000457s ]
INFO: [ view_parse ] --START--
INFO: ParseTemplate Behavior ::run [ RunTime:0.006161s ]
INFO: [ view_parse ] --END-- [ RunTime:0.006231s ]
INFO: [ view_filter ] --START--
INFO: ContentReplace Behavior ::run [ RunTime:0.000338s ]
INFO: TokenBuild Behavior ::run [ RunTime:0.000293s ]
INFO: WriteHtmlCache Behavior ::run [ RunTime:0.000212s ]
INFO: ShowRuntime Behavior ::run [ RunTime:0.000338s ]
INFO: [ view_filter ] --END-- [ RunTime:0.001301s ]
INFO: [ view_end ] --START--
INFO: ShowPageTrace Behavior ::run [ RunTime:0.000448s ]
INFO: [ view_end ] --END-- [ RunTime:0.000490s ]

[ 2017-04-22T12:30:01+08:00 ] 127.0.0.1 /ibirty/index.php?s=/Index/Table/index.html
INFO: [ route_check ] --START--
INFO: CheckRoute Behavior ::run [ RunTime:0.000587s ]
INFO: [ route_check ] --END-- [ RunTime:0.000657s ]
INFO: [ app_begin ] --START--
INFO: ReadHtmlCache Behavior ::run [ RunTime:0.000514s ]
INFO: [ app_begin ] --END-- [ RunTime:0.000569s ]
INFO: [ view_parse ] --START--
INFO: ParseTemplate Behavior ::run [ RunTime:0.009035s ]
INFO: [ view_parse ] --END-- [ RunTime:0.009168s ]
INFO: [ view_filter ] --START--
INFO: ContentReplace Behavior ::run [ RunTime:0.000474s ]
INFO: TokenBuild Behavior ::run [ RunTime:0.000307s ]
INFO: WriteHtmlCache Behavior ::run [ RunTime:0.000220s ]
INFO: ShowRuntime Behavior ::run [ RunTime:0.000351s ]
INFO: [ view_filter ] --END-- [ RunTime:0.001495s ]
INFO: [ view_end ] --START--
INFO: ShowPageTrace Behavior ::run [ RunTime:0.000461s ]
INFO: [ view_end ] --END-- [ RunTime:0.000502s ]

[ 2017-04-22T12:30:01+08:00 ] 127.0.0.1 /ibirty/index.php?s=/Index/Table/index.html
INFO: [ route_check ] --START--
INFO: CheckRoute Behavior ::run [ RunTime:0.000722s ]
INFO: [ route_check ] --END-- [ RunTime:0.000807s ]
INFO: [ app_begin ] --START--
INFO: ReadHtmlCache Behavior ::run [ RunTime:0.000396s ]
INFO: [ app_begin ] --END-- [ RunTime:0.000441s ]
INFO: [ view_parse ] --START--
INFO: ParseTemplate Behavior ::run [ RunTime:0.007539s ]
INFO: [ view_parse ] --END-- [ RunTime:0.007608s ]
INFO: [ view_filter ] --START--
INFO: ContentReplace Behavior ::run [ RunTime:0.000312s ]
INFO: TokenBuild Behavior ::run [ RunTime:0.000295s ]
INFO: WriteHtmlCache Behavior ::run [ RunTime:0.000200s ]
INFO: ShowRuntime Behavior ::run [ RunTime:0.000337s ]
INFO: [ view_filter ] --END-- [ RunTime:0.001258s ]
INFO: [ view_end ] --START--
INFO: ShowPageTrace Behavior ::run [ RunTime:0.000443s ]
INFO: [ view_end ] --END-- [ RunTime:0.000483s ]

[ 2017-04-22T12:30:01+08:00 ] 127.0.0.1 /ibirty/index.php?s=/Index/Table/index.html
INFO: [ route_check ] --START--
INFO: CheckRoute Behavior ::run [ RunTime:0.000689s ]
INFO: [ route_check ] --END-- [ RunTime:0.000796s ]
INFO: [ app_begin ] --START--
INFO: ReadHtmlCache Behavior ::run [ RunTime:0.000435s ]
INFO: [ app_begin ] --END-- [ RunTime:0.000491s ]
INFO: [ view_parse ] --START--
INFO: ParseTemplate Behavior ::run [ RunTime:0.006203s ]
INFO: [ view_parse ] --END-- [ RunTime:0.006299s ]
INFO: [ view_filter ] --START--
INFO: ContentReplace Behavior ::run [ RunTime:0.000367s ]
INFO: TokenBuild Behavior ::run [ RunTime:0.000317s ]
INFO: WriteHtmlCache Behavior ::run [ RunTime:0.000235s ]
INFO: ShowRuntime Behavior ::run [ RunTime:0.000336s ]
INFO: [ view_filter ] --END-- [ RunTime:0.001383s ]
INFO: [ view_end ] --START--
INFO: ShowPageTrace Behavior ::run [ RunTime:0.000434s ]
INFO: [ view_end ] --END-- [ RunTime:0.000474s ]

[ 2017-04-22T12:30:01+08:00 ] 127.0.0.1 /ibirty/index.php?s=/Index/Table/index.html
INFO: [ route_check ] --START--
INFO: CheckRoute Behavior ::run [ RunTime:0.000683s ]
INFO: [ route_check ] --END-- [ RunTime:0.000760s ]
INFO: [ app_begin ] --START--
INFO: ReadHtmlCache Behavior ::run [ RunTime:0.000492s ]
INFO: [ app_begin ] --END-- [ RunTime:0.000543s ]
INFO: [ view_parse ] --START--
INFO: ParseTemplate Behavior ::run [ RunTime:0.007504s ]
INFO: [ view_parse ] --END-- [ RunTime:0.007577s ]
INFO: [ view_filter ] --START--
INFO: ContentReplace Behavior ::run [ RunTime:0.000328s ]
INFO: TokenBuild Behavior ::run [ RunTime:0.000301s ]
INFO: WriteHtmlCache Behavior ::run [ RunTime:0.000214s ]
INFO: ShowRuntime Behavior ::run [ RunTime:0.000367s ]
INFO: [ view_filter ] --END-- [ RunTime:0.001335s ]
INFO: [ view_end ] --START--
INFO: ShowPageTrace Behavior ::run [ RunTime:0.000443s ]
INFO: [ view_end ] --END-- [ RunTime:0.000487s ]

[ 2017-04-22T12:30:01+08:00 ] 127.0.0.1 /ibirty/index.php?s=/Index/Table/index.html
INFO: [ route_check ] --START--
INFO: CheckRoute Behavior ::run [ RunTime:0.000604s ]
INFO: [ route_check ] --END-- [ RunTime:0.000689s ]
INFO: [ app_begin ] --START--
INFO: ReadHtmlCache Behavior ::run [ RunTime:0.000406s ]
INFO: [ app_begin ] --END-- [ RunTime:0.000451s ]
INFO: [ view_parse ] --START--
INFO: ParseTemplate Behavior ::run [ RunTime:0.006446s ]
INFO: [ view_parse ] --END-- [ RunTime:0.006512s ]
INFO: [ view_filter ] --START--
INFO: ContentReplace Behavior ::run [ RunTime:0.000304s ]
INFO: TokenBuild Behavior ::run [ RunTime:0.000296s ]
INFO: WriteHtmlCache Behavior ::run [ RunTime:0.000205s ]
INFO: ShowRuntime Behavior ::run [ RunTime:0.000408s ]
INFO: [ view_filter ] --END-- [ RunTime:0.001332s ]
INFO: [ view_end ] --START--
INFO: ShowPageTrace Behavior ::run [ RunTime:0.000455s ]
INFO: [ view_end ] --END-- [ RunTime:0.000498s ]

[ 2017-04-22T12:30:03+08:00 ] 127.0.0.1 /ibirty/index.php?s=/Index/Table/index.html
INFO: [ route_check ] --START--
INFO: CheckRoute Behavior ::run [ RunTime:0.000591s ]
INFO: [ route_check ] --END-- [ RunTime:0.000663s ]
INFO: [ app_begin ] --START--
INFO: ReadHtmlCache Behavior ::run [ RunTime:0.000400s ]
INFO: [ app_begin ] --END-- [ RunTime:0.000450s ]
INFO: [ view_parse ] --START--
INFO: ParseTemplate Behavior ::run [ RunTime:0.006431s ]
INFO: [ view_parse ] --END-- [ RunTime:0.006502s ]
INFO: [ view_filter ] --START--
INFO: ContentReplace Behavior ::run [ RunTime:0.000295s ]
INFO: TokenBuild Behavior ::run [ RunTime:0.000285s ]
INFO: WriteHtmlCache Behavior ::run [ RunTime:0.000219s ]
INFO: ShowRuntime Behavior ::run [ RunTime:0.000339s ]
INFO: [ view_filter ] --END-- [ RunTime:0.001255s ]
INFO: [ view_end ] --START--
INFO: ShowPageTrace Behavior ::run [ RunTime:0.000440s ]
INFO: [ view_end ] --END-- [ RunTime:0.000481s ]

[ 2017-04-22T12:30:03+08:00 ] 127.0.0.1 /ibirty/index.php?s=/Index/Table/index.html
INFO: [ route_check ] --START--
INFO: CheckRoute Behavior ::run [ RunTime:0.000993s ]
INFO: [ route_check ] --END-- [ RunTime:0.001092s ]
INFO: [ app_begin ] --START--
INFO: ReadHtmlCache Behavior ::run [ RunTime:0.000592s ]
INFO: [ app_begin ] --END-- [ RunTime:0.000662s ]
INFO: [ view_parse ] --START--
INFO: ParseTemplate Behavior ::run [ RunTime:0.012383s ]
INFO: [ view_parse ] --END-- [ RunTime:0.012467s ]
INFO: [ view_filter ] --START--
INFO: ContentReplace Behavior ::run [ RunTime:0.000425s ]
INFO: TokenBuild Behavior ::run [ RunTime:0.000383s ]
INFO: WriteHtmlCache Behavior ::run [ RunTime:0.000297s ]
INFO: ShowRuntime Behavior ::run [ RunTime:0.000442s ]
INFO: [ view_filter ] --END-- [ RunTime:0.001668s ]
INFO: [ view_end ] --START--
INFO: ShowPageTrace Behavior ::run [ RunTime:0.000536s ]
INFO: [ view_end ] --END-- [ RunTime:0.000582s ]

[ 2017-04-22T12:30:03+08:00 ] 127.0.0.1 /ibirty/index.php?s=/Index/Table/index.html
INFO: [ route_check ] --START--
INFO: CheckRoute Behavior ::run [ RunTime:0.001224s ]
INFO: [ route_check ] --END-- [ RunTime:0.001330s ]
INFO: [ app_begin ] --START--
INFO: ReadHtmlCache Behavior ::run [ RunTime:0.000653s ]
INFO: [ app_begin ] --END-- [ RunTime:0.000738s ]
INFO: [ view_parse ] --START--
INFO: ParseTemplate Behavior ::run [ RunTime:0.012248s ]
INFO: [ view_parse ] --END-- [ RunTime:0.012357s ]
INFO: [ view_filter ] --START--
INFO: ContentReplace Behavior ::run [ RunTime:0.000443s ]
INFO: TokenBuild Behavior ::run [ RunTime:0.000379s ]
INFO: WriteHtmlCache Behavior ::run [ RunTime:0.000308s ]
INFO: ShowRuntime Behavior ::run [ RunTime:0.000425s ]
INFO: [ view_filter ] --END-- [ RunTime:0.001690s ]
INFO: [ view_end ] --START--
INFO: ShowPageTrace Behavior ::run [ RunTime:0.000559s ]
INFO: [ view_end ] --END-- [ RunTime:0.000603s ]

[ 2017-04-22T12:30:04+08:00 ] 127.0.0.1 /ibirty/index.php?s=/Index/Table/index.html
INFO: [ route_check ] --START--
INFO: CheckRoute Behavior ::run [ RunTime:0.000645s ]
INFO: [ route_check ] --END-- [ RunTime:0.000724s ]
INFO: [ app_begin ] --START--
INFO: ReadHtmlCache Behavior ::run [ RunTime:0.000418s ]
INFO: [ app_begin ] --END-- [ RunTime:0.000469s ]
INFO: [ view_parse ] --START--
INFO: ParseTemplate Behavior ::run [ RunTime:0.006008s ]
INFO: [ view_parse ] --END-- [ RunTime:0.006075s ]
INFO: [ view_filter ] --START--
INFO: ContentReplace Behavior ::run [ RunTime:0.000290s ]
INFO: TokenBuild Behavior ::run [ RunTime:0.000287s ]
INFO: WriteHtmlCache Behavior ::run [ RunTime:0.000203s ]
INFO: ShowRuntime Behavior ::run [ RunTime:0.000352s ]
INFO: [ view_filter ] --END-- [ RunTime:0.001247s ]
INFO: [ view_end ] --START--
INFO: ShowPageTrace Behavior ::run [ RunTime:0.000455s ]
INFO: [ view_end ] --END-- [ RunTime:0.000511s ]

[ 2017-04-22T12:30:04+08:00 ] 127.0.0.1 /ibirty/index.php?s=/Index/Table/index.html
INFO: [ route_check ] --START--
INFO: CheckRoute Behavior ::run [ RunTime:0.000585s ]
INFO: [ route_check ] --END-- [ RunTime:0.000651s ]
INFO: [ app_begin ] --START--
INFO: ReadHtmlCache Behavior ::run [ RunTime:0.000398s ]
INFO: [ app_begin ] --END-- [ RunTime:0.000451s ]
INFO: [ view_parse ] --START--
INFO: ParseTemplate Behavior ::run [ RunTime:0.007447s ]
INFO: [ view_parse ] --END-- [ RunTime:0.007577s ]
INFO: [ view_filter ] --START--
INFO: ContentReplace Behavior ::run [ RunTime:0.000370s ]
INFO: TokenBuild Behavior ::run [ RunTime:0.000311s ]
INFO: WriteHtmlCache Behavior ::run [ RunTime:0.000209s ]
INFO: ShowRuntime Behavior ::run [ RunTime:0.000342s ]
INFO: [ view_filter ] --END-- [ RunTime:0.001350s ]
INFO: [ view_end ] --START--
INFO: ShowPageTrace Behavior ::run [ RunTime:0.000449s ]
INFO: [ view_end ] --END-- [ RunTime:0.000489s ]

[ 2017-04-22T12:30:45+08:00 ] 127.0.0.1 /ibirty/index.php?s=/Index/Table/index.html
INFO: [ route_check ] --START--
INFO: CheckRoute Behavior ::run [ RunTime:0.000783s ]
INFO: [ route_check ] --END-- [ RunTime:0.000863s ]
INFO: [ app_begin ] --START--
INFO: ReadHtmlCache Behavior ::run [ RunTime:0.000545s ]
INFO: [ app_begin ] --END-- [ RunTime:0.000606s ]
INFO: [ view_parse ] --START--
INFO: ParseTemplate Behavior ::run [ RunTime:0.006829s ]
INFO: [ view_parse ] --END-- [ RunTime:0.006904s ]
INFO: [ view_filter ] --START--
INFO: ContentReplace Behavior ::run [ RunTime:0.000423s ]
INFO: TokenBuild Behavior ::run [ RunTime:0.000404s ]
INFO: WriteHtmlCache Behavior ::run [ RunTime:0.000310s ]
INFO: ShowRuntime Behavior ::run [ RunTime:0.000433s ]
INFO: [ view_filter ] --END-- [ RunTime:0.001703s ]
INFO: [ view_end ] --START--
INFO: ShowPageTrace Behavior ::run [ RunTime:0.000557s ]
INFO: [ view_end ] --END-- [ RunTime:0.000604s ]

[ 2017-04-22T12:30:47+08:00 ] 127.0.0.1 /ibirty/index.php?s=/Index/Table/index.html
INFO: [ route_check ] --START--
INFO: CheckRoute Behavior ::run [ RunTime:0.000604s ]
INFO: [ route_check ] --END-- [ RunTime:0.000688s ]
INFO: [ app_begin ] --START--
INFO: ReadHtmlCache Behavior ::run [ RunTime:0.000461s ]
INFO: [ app_begin ] --END-- [ RunTime:0.000513s ]
INFO: [ view_parse ] --START--
INFO: ParseTemplate Behavior ::run [ RunTime:0.006232s ]
INFO: [ view_parse ] --END-- [ RunTime:0.006315s ]
INFO: [ view_filter ] --START--
INFO: ContentReplace Behavior ::run [ RunTime:0.000295s ]
INFO: TokenBuild Behavior ::run [ RunTime:0.000316s ]
INFO: WriteHtmlCache Behavior ::run [ RunTime:0.000207s ]
INFO: ShowRuntime Behavior ::run [ RunTime:0.000336s ]
INFO: [ view_filter ] --END-- [ RunTime:0.001279s ]
INFO: [ view_end ] --START--
INFO: ShowPageTrace Behavior ::run [ RunTime:0.000454s ]
INFO: [ view_end ] --END-- [ RunTime:0.000497s ]

[ 2017-04-22T12:30:47+08:00 ] 127.0.0.1 /ibirty/index.php?s=/Index/Table/index.html
INFO: [ route_check ] --START--
INFO: CheckRoute Behavior ::run [ RunTime:0.000595s ]
INFO: [ route_check ] --END-- [ RunTime:0.000672s ]
INFO: [ app_begin ] --START--
INFO: ReadHtmlCache Behavior ::run [ RunTime:0.000402s ]
INFO: [ app_begin ] --END-- [ RunTime:0.000452s ]
INFO: [ view_parse ] --START--
INFO: ParseTemplate Behavior ::run [ RunTime:0.006705s ]
INFO: [ view_parse ] --END-- [ RunTime:0.006779s ]
INFO: [ view_filter ] --START--
INFO: ContentReplace Behavior ::run [ RunTime:0.000331s ]
INFO: TokenBuild Behavior ::run [ RunTime:0.000327s ]
INFO: WriteHtmlCache Behavior ::run [ RunTime:0.000239s ]
INFO: ShowRuntime Behavior ::run [ RunTime:0.000360s ]
INFO: [ view_filter ] --END-- [ RunTime:0.001387s ]
INFO: [ view_end ] --START--
INFO: ShowPageTrace Behavior ::run [ RunTime:0.000490s ]
INFO: [ view_end ] --END-- [ RunTime:0.000545s ]

[ 2017-04-22T12:30:47+08:00 ] 127.0.0.1 /ibirty/index.php?s=/Index/Table/index.html
INFO: [ route_check ] --START--
INFO: CheckRoute Behavior ::run [ RunTime:0.000885s ]
INFO: [ route_check ] --END-- [ RunTime:0.000971s ]
INFO: [ app_begin ] --START--
INFO: ReadHtmlCache Behavior ::run [ RunTime:0.000541s ]
INFO: [ app_begin ] --END-- [ RunTime:0.000607s ]
INFO: [ view_parse ] --START--
INFO: ParseTemplate Behavior ::run [ RunTime:0.006611s ]
INFO: [ view_parse ] --END-- [ RunTime:0.006686s ]
INFO: [ view_filter ] --START--
INFO: ContentReplace Behavior ::run [ RunTime:0.000321s ]
INFO: TokenBuild Behavior ::run [ RunTime:0.000289s ]
INFO: WriteHtmlCache Behavior ::run [ RunTime:0.000207s ]
INFO: ShowRuntime Behavior ::run [ RunTime:0.000387s ]
INFO: [ view_filter ] --END-- [ RunTime:0.001334s ]
INFO: [ view_end ] --START--
INFO: ShowPageTrace Behavior ::run [ RunTime:0.000570s ]
INFO: [ view_end ] --END-- [ RunTime:0.000635s ]

[ 2017-04-22T12:30:48+08:00 ] 127.0.0.1 /ibirty/index.php?s=/Index/Table/index.html
INFO: [ route_check ] --START--
INFO: CheckRoute Behavior ::run [ RunTime:0.000593s ]
INFO: [ route_check ] --END-- [ RunTime:0.000665s ]
INFO: [ app_begin ] --START--
INFO: ReadHtmlCache Behavior ::run [ RunTime:0.000399s ]
INFO: [ app_begin ] --END-- [ RunTime:0.000443s ]
INFO: [ view_parse ] --START--
INFO: ParseTemplate Behavior ::run [ RunTime:0.007115s ]
INFO: [ view_parse ] --END-- [ RunTime:0.007205s ]
INFO: [ view_filter ] --START--
INFO: ContentReplace Behavior ::run [ RunTime:0.000323s ]
INFO: TokenBuild Behavior ::run [ RunTime:0.000302s ]
INFO: WriteHtmlCache Behavior ::run [ RunTime:0.000211s ]
INFO: ShowRuntime Behavior ::run [ RunTime:0.000357s ]
INFO: [ view_filter ] --END-- [ RunTime:0.001329s ]
INFO: [ view_end ] --START--
INFO: ShowPageTrace Behavior ::run [ RunTime:0.000470s ]
INFO: [ view_end ] --END-- [ RunTime:0.000518s ]

[ 2017-04-22T12:32:47+08:00 ] 127.0.0.1 /ibirty/index.php?s=/Index/Table/index.html
INFO: [ route_check ] --START--
INFO: CheckRoute Behavior ::run [ RunTime:0.000788s ]
INFO: [ route_check ] --END-- [ RunTime:0.000858s ]
INFO: [ app_begin ] --START--
INFO: ReadHtmlCache Behavior ::run [ RunTime:0.000478s ]
INFO: [ app_begin ] --END-- [ RunTime:0.000525s ]
INFO: [ view_parse ] --START--
INFO: ParseTemplate Behavior ::run [ RunTime:0.007771s ]
INFO: [ view_parse ] --END-- [ RunTime:0.007841s ]
INFO: [ view_filter ] --START--
INFO: ContentReplace Behavior ::run [ RunTime:0.000421s ]
INFO: TokenBuild Behavior ::run [ RunTime:0.000415s ]
INFO: WriteHtmlCache Behavior ::run [ RunTime:0.000294s ]
INFO: ShowRuntime Behavior ::run [ RunTime:0.000424s ]
INFO: [ view_filter ] --END-- [ RunTime:0.001673s ]
INFO: [ view_end ] --START--
INFO: ShowPageTrace Behavior ::run [ RunTime:0.000539s ]
INFO: [ view_end ] --END-- [ RunTime:0.000583s ]

[ 2017-04-22T12:32:49+08:00 ] 127.0.0.1 /ibirty/index.php?s=/Index/Table/index.html
INFO: [ route_check ] --START--
INFO: CheckRoute Behavior ::run [ RunTime:0.000612s ]
INFO: [ route_check ] --END-- [ RunTime:0.000695s ]
INFO: [ app_begin ] --START--
INFO: ReadHtmlCache Behavior ::run [ RunTime:0.000510s ]
INFO: [ app_begin ] --END-- [ RunTime:0.000567s ]
INFO: [ view_parse ] --START--
INFO: ParseTemplate Behavior ::run [ RunTime:0.005945s ]
INFO: [ view_parse ] --END-- [ RunTime:0.006005s ]
INFO: [ view_filter ] --START--
INFO: ContentReplace Behavior ::run [ RunTime:0.000292s ]
INFO: TokenBuild Behavior ::run [ RunTime:0.000287s ]
INFO: WriteHtmlCache Behavior ::run [ RunTime:0.000208s ]
INFO: ShowRuntime Behavior ::run [ RunTime:0.000344s ]
INFO: [ view_filter ] --END-- [ RunTime:0.001247s ]
INFO: [ view_end ] --START--
INFO: ShowPageTrace Behavior ::run [ RunTime:0.000439s ]
INFO: [ view_end ] --END-- [ RunTime:0.000479s ]

[ 2017-04-22T12:32:49+08:00 ] 127.0.0.1 /ibirty/index.php?s=/Index/Table/index.html
INFO: [ route_check ] --START--
INFO: CheckRoute Behavior ::run [ RunTime:0.000875s ]
INFO: [ route_check ] --END-- [ RunTime:0.000969s ]
INFO: [ app_begin ] --START--
INFO: ReadHtmlCache Behavior ::run [ RunTime:0.000692s ]
INFO: [ app_begin ] --END-- [ RunTime:0.000767s ]
INFO: [ view_parse ] --START--
INFO: ParseTemplate Behavior ::run [ RunTime:0.006832s ]
INFO: [ view_parse ] --END-- [ RunTime:0.006940s ]
INFO: [ view_filter ] --START--
INFO: ContentReplace Behavior ::run [ RunTime:0.000340s ]
INFO: TokenBuild Behavior ::run [ RunTime:0.000304s ]
INFO: WriteHtmlCache Behavior ::run [ RunTime:0.000217s ]
INFO: ShowRuntime Behavior ::run [ RunTime:0.000351s ]
INFO: [ view_filter ] --END-- [ RunTime:0.001330s ]
INFO: [ view_end ] --START--
INFO: ShowPageTrace Behavior ::run [ RunTime:0.000478s ]
INFO: [ view_end ] --END-- [ RunTime:0.000526s ]

[ 2017-04-22T12:32:49+08:00 ] 127.0.0.1 /ibirty/index.php?s=/Index/Table/index.html
INFO: [ route_check ] --START--
INFO: CheckRoute Behavior ::run [ RunTime:0.000735s ]
INFO: [ route_check ] --END-- [ RunTime:0.000831s ]
INFO: [ app_begin ] --START--
INFO: ReadHtmlCache Behavior ::run [ RunTime:0.000489s ]
INFO: [ app_begin ] --END-- [ RunTime:0.000547s ]
INFO: [ view_parse ] --START--
INFO: ParseTemplate Behavior ::run [ RunTime:0.007371s ]
INFO: [ view_parse ] --END-- [ RunTime:0.007440s ]
INFO: [ view_filter ] --START--
INFO: ContentReplace Behavior ::run [ RunTime:0.000302s ]
INFO: TokenBuild Behavior ::run [ RunTime:0.000293s ]
INFO: WriteHtmlCache Behavior ::run [ RunTime:0.000204s ]
INFO: ShowRuntime Behavior ::run [ RunTime:0.000337s ]
INFO: [ view_filter ] --END-- [ RunTime:0.001254s ]
INFO: [ view_end ] --START--
INFO: ShowPageTrace Behavior ::run [ RunTime:0.000441s ]
INFO: [ view_end ] --END-- [ RunTime:0.000482s ]

[ 2017-04-22T12:32:49+08:00 ] 127.0.0.1 /ibirty/index.php?s=/Index/Table/index.html
INFO: [ route_check ] --START--
INFO: CheckRoute Behavior ::run [ RunTime:0.000608s ]
INFO: [ route_check ] --END-- [ RunTime:0.000686s ]
INFO: [ app_begin ] --START--
INFO: ReadHtmlCache Behavior ::run [ RunTime:0.000411s ]
INFO: [ app_begin ] --END-- [ RunTime:0.000458s ]
INFO: [ view_parse ] --START--
INFO: ParseTemplate Behavior ::run [ RunTime:0.006823s ]
INFO: [ view_parse ] --END-- [ RunTime:0.006894s ]
INFO: [ view_filter ] --START--
INFO: ContentReplace Behavior ::run [ RunTime:0.000328s ]
INFO: TokenBuild Behavior ::run [ RunTime:0.000294s ]
INFO: WriteHtmlCache Behavior ::run [ RunTime:0.000207s ]
INFO: ShowRuntime Behavior ::run [ RunTime:0.000356s ]
INFO: [ view_filter ] --END-- [ RunTime:0.001304s ]
INFO: [ view_end ] --START--
INFO: ShowPageTrace Behavior ::run [ RunTime:0.000457s ]
INFO: [ view_end ] --END-- [ RunTime:0.000500s ]

[ 2017-04-22T12:32:50+08:00 ] 127.0.0.1 /ibirty/index.php?s=/Index/Table/index.html
INFO: [ route_check ] --START--
INFO: CheckRoute Behavior ::run [ RunTime:0.000734s ]
INFO: [ route_check ] --END-- [ RunTime:0.000879s ]
INFO: [ app_begin ] --START--
INFO: ReadHtmlCache Behavior ::run [ RunTime:0.000429s ]
INFO: [ app_begin ] --END-- [ RunTime:0.000484s ]
INFO: [ view_parse ] --START--
INFO: ParseTemplate Behavior ::run [ RunTime:0.006267s ]
INFO: [ view_parse ] --END-- [ RunTime:0.006339s ]
INFO: [ view_filter ] --START--
INFO: ContentReplace Behavior ::run [ RunTime:0.000318s ]
INFO: TokenBuild Behavior ::run [ RunTime:0.000298s ]
INFO: WriteHtmlCache Behavior ::run [ RunTime:0.000218s ]
INFO: ShowRuntime Behavior ::run [ RunTime:0.000348s ]
INFO: [ view_filter ] --END-- [ RunTime:0.001340s ]
INFO: [ view_end ] --START--
INFO: ShowPageTrace Behavior ::run [ RunTime:0.000468s ]
INFO: [ view_end ] --END-- [ RunTime:0.000512s ]

[ 2017-04-22T12:32:50+08:00 ] 127.0.0.1 /ibirty/index.php?s=/Index/Table/index.html
INFO: [ route_check ] --START--
INFO: CheckRoute Behavior ::run [ RunTime:0.000798s ]
INFO: [ route_check ] --END-- [ RunTime:0.000906s ]
INFO: [ app_begin ] --START--
INFO: ReadHtmlCache Behavior ::run [ RunTime:0.000641s ]
INFO: [ app_begin ] --END-- [ RunTime:0.000720s ]
INFO: [ view_parse ] --START--
INFO: ParseTemplate Behavior ::run [ RunTime:0.005890s ]
INFO: [ view_parse ] --END-- [ RunTime:0.005946s ]
INFO: [ view_filter ] --START--
INFO: ContentReplace Behavior ::run [ RunTime:0.000288s ]
INFO: TokenBuild Behavior ::run [ RunTime:0.000287s ]
INFO: WriteHtmlCache Behavior ::run [ RunTime:0.000201s ]
INFO: ShowRuntime Behavior ::run [ RunTime:0.000334s ]
INFO: [ view_filter ] --END-- [ RunTime:0.001223s ]
INFO: [ view_end ] --START--
INFO: ShowPageTrace Behavior ::run [ RunTime:0.000443s ]
INFO: [ view_end ] --END-- [ RunTime:0.000482s ]

[ 2017-04-22T12:32:50+08:00 ] 127.0.0.1 /ibirty/index.php?s=/Index/Table/index.html
INFO: [ route_check ] --START--
INFO: CheckRoute Behavior ::run [ RunTime:0.000612s ]
INFO: [ route_check ] --END-- [ RunTime:0.000684s ]
INFO: [ app_begin ] --START--
INFO: ReadHtmlCache Behavior ::run [ RunTime:0.000404s ]
INFO: [ app_begin ] --END-- [ RunTime:0.000449s ]
INFO: [ view_parse ] --START--
INFO: ParseTemplate Behavior ::run [ RunTime:0.007549s ]
INFO: [ view_parse ] --END-- [ RunTime:0.007695s ]
INFO: [ view_filter ] --START--
INFO: ContentReplace Behavior ::run [ RunTime:0.000465s ]
INFO: TokenBuild Behavior ::run [ RunTime:0.000409s ]
INFO: WriteHtmlCache Behavior ::run [ RunTime:0.000244s ]
INFO: ShowRuntime Behavior ::run [ RunTime:0.000376s ]
INFO: [ view_filter ] --END-- [ RunTime:0.001650s ]
INFO: [ view_end ] --START--
INFO: ShowPageTrace Behavior ::run [ RunTime:0.000504s ]
INFO: [ view_end ] --END-- [ RunTime:0.000546s ]

[ 2017-04-22T12:33:03+08:00 ] 127.0.0.1 /ibirty/index.php?s=/Index/Table/index.html
INFO: [ route_check ] --START--
INFO: CheckRoute Behavior ::run [ RunTime:0.001455s ]
INFO: [ route_check ] --END-- [ RunTime:0.001645s ]
INFO: [ app_begin ] --START--
INFO: ReadHtmlCache Behavior ::run [ RunTime:0.000557s ]
INFO: [ app_begin ] --END-- [ RunTime:0.000619s ]
INFO: [ view_parse ] --START--
INFO: ParseTemplate Behavior ::run [ RunTime:0.007734s ]
INFO: [ view_parse ] --END-- [ RunTime:0.007833s ]
INFO: [ view_filter ] --START--
INFO: ContentReplace Behavior ::run [ RunTime:0.000616s ]
INFO: TokenBuild Behavior ::run [ RunTime:0.000578s ]
INFO: WriteHtmlCache Behavior ::run [ RunTime:0.000454s ]
INFO: ShowRuntime Behavior ::run [ RunTime:0.000676s ]
INFO: [ view_filter ] --END-- [ RunTime:0.002511s ]
INFO: [ view_end ] --START--
INFO: ShowPageTrace Behavior ::run [ RunTime:0.000548s ]
INFO: [ view_end ] --END-- [ RunTime:0.000589s ]

[ 2017-04-22T12:33:20+08:00 ] 127.0.0.1 /ibirty/index.php?s=/Index/Table/index.html
INFO: [ route_check ] --START--
INFO: CheckRoute Behavior ::run [ RunTime:0.000816s ]
INFO: [ route_check ] --END-- [ RunTime:0.000960s ]
INFO: [ app_begin ] --START--
INFO: ReadHtmlCache Behavior ::run [ RunTime:0.000500s ]
INFO: [ app_begin ] --END-- [ RunTime:0.000557s ]
INFO: [ view_parse ] --START--
INFO: ParseTemplate Behavior ::run [ RunTime:0.006772s ]
INFO: [ view_parse ] --END-- [ RunTime:0.006840s ]
INFO: [ view_filter ] --START--
INFO: ContentReplace Behavior ::run [ RunTime:0.000306s ]
INFO: TokenBuild Behavior ::run [ RunTime:0.000286s ]
INFO: WriteHtmlCache Behavior ::run [ RunTime:0.000209s ]
INFO: ShowRuntime Behavior ::run [ RunTime:0.000365s ]
INFO: [ view_filter ] --END-- [ RunTime:0.001280s ]
INFO: [ view_end ] --START--
INFO: ShowPageTrace Behavior ::run [ RunTime:0.000483s ]
INFO: [ view_end ] --END-- [ RunTime:0.000524s ]

[ 2017-04-22T12:33:22+08:00 ] 127.0.0.1 /ibirty/index.php?s=/Index/Table/index.html
INFO: [ route_check ] --START--
INFO: CheckRoute Behavior ::run [ RunTime:0.000591s ]
INFO: [ route_check ] --END-- [ RunTime:0.000665s ]
INFO: [ app_begin ] --START--
INFO: ReadHtmlCache Behavior ::run [ RunTime:0.000391s ]
INFO: [ app_begin ] --END-- [ RunTime:0.000444s ]
INFO: [ view_parse ] --START--
INFO: ParseTemplate Behavior ::run [ RunTime:0.006768s ]
INFO: [ view_parse ] --END-- [ RunTime:0.006835s ]
INFO: [ view_filter ] --START--
INFO: ContentReplace Behavior ::run [ RunTime:0.000300s ]
INFO: TokenBuild Behavior ::run [ RunTime:0.000297s ]
INFO: WriteHtmlCache Behavior ::run [ RunTime:0.000205s ]
INFO: ShowRuntime Behavior ::run [ RunTime:0.000337s ]
INFO: [ view_filter ] --END-- [ RunTime:0.001263s ]
INFO: [ view_end ] --START--
INFO: ShowPageTrace Behavior ::run [ RunTime:0.000440s ]
INFO: [ view_end ] --END-- [ RunTime:0.000482s ]

[ 2017-04-22T12:33:23+08:00 ] 127.0.0.1 /ibirty/index.php?s=/Index/Table/index.html
INFO: [ route_check ] --START--
INFO: CheckRoute Behavior ::run [ RunTime:0.000591s ]
INFO: [ route_check ] --END-- [ RunTime:0.000664s ]
INFO: [ app_begin ] --START--
INFO: ReadHtmlCache Behavior ::run [ RunTime:0.000412s ]
INFO: [ app_begin ] --END-- [ RunTime:0.000461s ]
INFO: [ view_parse ] --START--
INFO: ParseTemplate Behavior ::run [ RunTime:0.006813s ]
INFO: [ view_parse ] --END-- [ RunTime:0.006881s ]
INFO: [ view_filter ] --START--
INFO: ContentReplace Behavior ::run [ RunTime:0.000301s ]
INFO: TokenBuild Behavior ::run [ RunTime:0.000290s ]
INFO: WriteHtmlCache Behavior ::run [ RunTime:0.000213s ]
INFO: ShowRuntime Behavior ::run [ RunTime:0.000338s ]
INFO: [ view_filter ] --END-- [ RunTime:0.001264s ]
INFO: [ view_end ] --START--
INFO: ShowPageTrace Behavior ::run [ RunTime:0.000441s ]
INFO: [ view_end ] --END-- [ RunTime:0.000484s ]

[ 2017-04-22T12:33:24+08:00 ] 127.0.0.1 /ibirty/index.php?s=/Index/Table/index.html
INFO: [ route_check ] --START--
INFO: CheckRoute Behavior ::run [ RunTime:0.000611s ]
INFO: [ route_check ] --END-- [ RunTime:0.000691s ]
INFO: [ app_begin ] --START--
INFO: ReadHtmlCache Behavior ::run [ RunTime:0.000403s ]
INFO: [ app_begin ] --END-- [ RunTime:0.000451s ]
INFO: [ view_parse ] --START--
INFO: ParseTemplate Behavior ::run [ RunTime:0.006435s ]
INFO: [ view_parse ] --END-- [ RunTime:0.006488s ]
INFO: [ view_filter ] --START--
INFO: ContentReplace Behavior ::run [ RunTime:0.000301s ]
INFO: TokenBuild Behavior ::run [ RunTime:0.000284s ]
INFO: WriteHtmlCache Behavior ::run [ RunTime:0.000203s ]
INFO: ShowRuntime Behavior ::run [ RunTime:0.000351s ]
INFO: [ view_filter ] --END-- [ RunTime:0.001254s ]
INFO: [ view_end ] --START--
INFO: ShowPageTrace Behavior ::run [ RunTime:0.000552s ]
INFO: [ view_end ] --END-- [ RunTime:0.000602s ]

[ 2017-04-22T12:34:05+08:00 ] 127.0.0.1 /ibirty/index.php?s=/Index/Table/index.html
INFO: [ route_check ] --START--
INFO: CheckRoute Behavior ::run [ RunTime:0.000601s ]
INFO: [ route_check ] --END-- [ RunTime:0.000679s ]
INFO: [ app_begin ] --START--
INFO: ReadHtmlCache Behavior ::run [ RunTime:0.000401s ]
INFO: [ app_begin ] --END-- [ RunTime:0.000446s ]
INFO: [ view_parse ] --START--
INFO: ParseTemplate Behavior ::run [ RunTime:0.006818s ]
INFO: [ view_parse ] --END-- [ RunTime:0.006883s ]
INFO: [ view_filter ] --START--
INFO: ContentReplace Behavior ::run [ RunTime:0.000373s ]
INFO: TokenBuild Behavior ::run [ RunTime:0.000334s ]
INFO: WriteHtmlCache Behavior ::run [ RunTime:0.000254s ]
INFO: ShowRuntime Behavior ::run [ RunTime:0.000435s ]
INFO: [ view_filter ] --END-- [ RunTime:0.001582s ]
INFO: [ view_end ] --START--
INFO: ShowPageTrace Behavior ::run [ RunTime:0.000856s ]
INFO: [ view_end ] --END-- [ RunTime:0.001039s ]

[ 2017-04-22T12:34:07+08:00 ] 127.0.0.1 /ibirty/index.php?s=/Index/Table/index.html
INFO: [ route_check ] --START--
INFO: CheckRoute Behavior ::run [ RunTime:0.000599s ]
INFO: [ route_check ] --END-- [ RunTime:0.000676s ]
INFO: [ app_begin ] --START--
INFO: ReadHtmlCache Behavior ::run [ RunTime:0.000431s ]
INFO: [ app_begin ] --END-- [ RunTime:0.000482s ]
INFO: [ view_parse ] --START--
INFO: ParseTemplate Behavior ::run [ RunTime:0.006929s ]
INFO: [ view_parse ] --END-- [ RunTime:0.006999s ]
INFO: [ view_filter ] --START--
INFO: ContentReplace Behavior ::run [ RunTime:0.000313s ]
INFO: TokenBuild Behavior ::run [ RunTime:0.000294s ]
INFO: WriteHtmlCache Behavior ::run [ RunTime:0.000212s ]
INFO: ShowRuntime Behavior ::run [ RunTime:0.000343s ]
INFO: [ view_filter ] --END-- [ RunTime:0.001288s ]
INFO: [ view_end ] --START--
INFO: ShowPageTrace Behavior ::run [ RunTime:0.000452s ]
INFO: [ view_end ] --END-- [ RunTime:0.000493s ]

[ 2017-04-22T12:34:07+08:00 ] 127.0.0.1 /ibirty/index.php?s=/Index/Table/index.html
INFO: [ route_check ] --START--
INFO: CheckRoute Behavior ::run [ RunTime:0.000675s ]
INFO: [ route_check ] --END-- [ RunTime:0.000757s ]
INFO: [ app_begin ] --START--
INFO: ReadHtmlCache Behavior ::run [ RunTime:0.000408s ]
INFO: [ app_begin ] --END-- [ RunTime:0.000469s ]
INFO: [ view_parse ] --START--
INFO: ParseTemplate Behavior ::run [ RunTime:0.006433s ]
INFO: [ view_parse ] --END-- [ RunTime:0.006487s ]
INFO: [ view_filter ] --START--
INFO: ContentReplace Behavior ::run [ RunTime:0.000285s ]
INFO: TokenBuild Behavior ::run [ RunTime:0.000291s ]
INFO: WriteHtmlCache Behavior ::run [ RunTime:0.000209s ]
INFO: ShowRuntime Behavior ::run [ RunTime:0.000471s ]
INFO: [ view_filter ] --END-- [ RunTime:0.001397s ]
INFO: [ view_end ] --START--
INFO: ShowPageTrace Behavior ::run [ RunTime:0.000567s ]
INFO: [ view_end ] --END-- [ RunTime:0.000628s ]

[ 2017-04-22T12:34:07+08:00 ] 127.0.0.1 /ibirty/index.php?s=/Index/Table/index.html
INFO: [ route_check ] --START--
INFO: CheckRoute Behavior ::run [ RunTime:0.000682s ]
INFO: [ route_check ] --END-- [ RunTime:0.000765s ]
INFO: [ app_begin ] --START--
INFO: ReadHtmlCache Behavior ::run [ RunTime:0.000458s ]
INFO: [ app_begin ] --END-- [ RunTime:0.000514s ]
INFO: [ view_parse ] --START--
INFO: ParseTemplate Behavior ::run [ RunTime:0.006648s ]
INFO: [ view_parse ] --END-- [ RunTime:0.006712s ]
INFO: [ view_filter ] --START--
INFO: ContentReplace Behavior ::run [ RunTime:0.000295s ]
INFO: TokenBuild Behavior ::run [ RunTime:0.000286s ]
INFO: WriteHtmlCache Behavior ::run [ RunTime:0.000209s ]
INFO: ShowRuntime Behavior ::run [ RunTime:0.000345s ]
INFO: [ view_filter ] --END-- [ RunTime:0.001257s ]
INFO: [ view_end ] --START--
INFO: ShowPageTrace Behavior ::run [ RunTime:0.000448s ]
INFO: [ view_end ] --END-- [ RunTime:0.000488s ]

[ 2017-04-22T12:34:08+08:00 ] 127.0.0.1 /ibirty/index.php?s=/Index/Table/index.html
INFO: [ route_check ] --START--
INFO: CheckRoute Behavior ::run [ RunTime:0.000585s ]
INFO: [ route_check ] --END-- [ RunTime:0.000658s ]
INFO: [ app_begin ] --START--
INFO: ReadHtmlCache Behavior ::run [ RunTime:0.000396s ]
INFO: [ app_begin ] --END-- [ RunTime:0.000443s ]
INFO: [ view_parse ] --START--
INFO: ParseTemplate Behavior ::run [ RunTime:0.006504s ]
INFO: [ view_parse ] --END-- [ RunTime:0.006563s ]
INFO: [ view_filter ] --START--
INFO: ContentReplace Behavior ::run [ RunTime:0.000383s ]
INFO: TokenBuild Behavior ::run [ RunTime:0.000394s ]
INFO: WriteHtmlCache Behavior ::run [ RunTime:0.000270s ]
INFO: ShowRuntime Behavior ::run [ RunTime:0.000377s ]
INFO: [ view_filter ] --END-- [ RunTime:0.001575s ]
INFO: [ view_end ] --START--
INFO: ShowPageTrace Behavior ::run [ RunTime:0.000453s ]
INFO: [ view_end ] --END-- [ RunTime:0.000497s ]

[ 2017-04-22T12:34:29+08:00 ] 127.0.0.1 /ibirty/index.php?s=/Index/Table/index.html
INFO: [ route_check ] --START--
INFO: CheckRoute Behavior ::run [ RunTime:0.000687s ]
INFO: [ route_check ] --END-- [ RunTime:0.000782s ]
INFO: [ app_begin ] --START--
INFO: ReadHtmlCache Behavior ::run [ RunTime:0.000888s ]
INFO: [ app_begin ] --END-- [ RunTime:0.000976s ]
INFO: [ view_parse ] --START--
INFO: ParseTemplate Behavior ::run [ RunTime:0.006870s ]
INFO: [ view_parse ] --END-- [ RunTime:0.006954s ]
INFO: [ view_filter ] --START--
INFO: ContentReplace Behavior ::run [ RunTime:0.000324s ]
INFO: TokenBuild Behavior ::run [ RunTime:0.000301s ]
INFO: WriteHtmlCache Behavior ::run [ RunTime:0.000207s ]
INFO: ShowRuntime Behavior ::run [ RunTime:0.000356s ]
INFO: [ view_filter ] --END-- [ RunTime:0.001310s ]
INFO: [ view_end ] --START--
INFO: ShowPageTrace Behavior ::run [ RunTime:0.000445s ]
INFO: [ view_end ] --END-- [ RunTime:0.000486s ]

[ 2017-04-22T12:35:17+08:00 ] 127.0.0.1 /ibirty/index.php?s=/Index/Table/index.html
INFO: [ route_check ] --START--
INFO: CheckRoute Behavior ::run [ RunTime:0.000777s ]
INFO: [ route_check ] --END-- [ RunTime:0.000851s ]
INFO: [ app_begin ] --START--
INFO: ReadHtmlCache Behavior ::run [ RunTime:0.000470s ]
INFO: [ app_begin ] --END-- [ RunTime:0.000518s ]
INFO: [ view_parse ] --START--
INFO: ParseTemplate Behavior ::run [ RunTime:0.007828s ]
INFO: [ view_parse ] --END-- [ RunTime:0.007948s ]
INFO: [ view_filter ] --START--
INFO: ContentReplace Behavior ::run [ RunTime:0.000524s ]
INFO: TokenBuild Behavior ::run [ RunTime:0.000406s ]
INFO: WriteHtmlCache Behavior ::run [ RunTime:0.000295s ]
INFO: ShowRuntime Behavior ::run [ RunTime:0.000435s ]
INFO: [ view_filter ] --END-- [ RunTime:0.001810s ]
INFO: [ view_end ] --START--
INFO: ShowPageTrace Behavior ::run [ RunTime:0.000527s ]
INFO: [ view_end ] --END-- [ RunTime:0.000569s ]

